c:\users\lena\documents\visual studio 2015\projects\imageproc\imageproc\x64\debug\vc140.pdb
c:\users\lena\documents\visual studio 2015\projects\imageproc\imageproc\x64\debug\vc140.idb
c:\users\lena\documents\visual studio 2015\projects\imageproc\imageproc\x64\debug\camera.obj
c:\users\lena\documents\visual studio 2015\projects\imageproc\imageproc\x64\debug\centerdetection.obj
c:\users\lena\documents\visual studio 2015\projects\imageproc\imageproc\x64\debug\main.obj
c:\users\lena\documents\visual studio 2015\projects\imageproc\imageproc\x64\debug\stdafx.obj
c:\users\lena\documents\visual studio 2015\projects\imageproc\imageproc\x64\debug\ueyesteal.obj
c:\users\lena\documents\visual studio 2015\projects\imageproc\x64\debug\imageproc.ilk
c:\users\lena\documents\visual studio 2015\projects\imageproc\x64\debug\imageproc.exe
c:\users\lena\documents\visual studio 2015\projects\imageproc\x64\debug\imageproc.pdb
c:\users\lena\documents\visual studio 2015\projects\imageproc\imageproc\x64\debug\ueyesteal.res
c:\users\lena\documents\visual studio 2015\projects\imageproc\imageproc\x64\debug\imageproc.exe.embed.manifest.res
c:\users\lena\documents\visual studio 2015\projects\imageproc\imageproc\x64\debug\main.obj.enc
c:\users\lena\documents\visual studio 2015\projects\imageproc\imageproc\x64\debug\imageproc.exe.embed.manifest
c:\users\lena\documents\visual studio 2015\projects\imageproc\imageproc\x64\debug\imageproc_manifest.rc
c:\users\lena\documents\visual studio 2015\projects\imageproc\imageproc\x64\debug\imageproc.tlog\cl.command.1.tlog
c:\users\lena\documents\visual studio 2015\projects\imageproc\imageproc\x64\debug\imageproc.tlog\cl.read.1.tlog
c:\users\lena\documents\visual studio 2015\projects\imageproc\imageproc\x64\debug\imageproc.tlog\cl.write.1.tlog
c:\users\lena\documents\visual studio 2015\projects\imageproc\imageproc\x64\debug\imageproc.tlog\link.command.1.tlog
c:\users\lena\documents\visual studio 2015\projects\imageproc\imageproc\x64\debug\imageproc.tlog\link.read.1.tlog
c:\users\lena\documents\visual studio 2015\projects\imageproc\imageproc\x64\debug\imageproc.tlog\link.write.1.tlog
c:\users\lena\documents\visual studio 2015\projects\imageproc\imageproc\x64\debug\imageproc.tlog\rc.command.1.tlog
c:\users\lena\documents\visual studio 2015\projects\imageproc\imageproc\x64\debug\imageproc.tlog\rc.read.1.tlog
c:\users\lena\documents\visual studio 2015\projects\imageproc\imageproc\x64\debug\imageproc.tlog\rc.write.1.tlog
